{"C:\\Users\\sabato\\andela\\backend\\mybrand-api\\lib\\index.ts": {"path":"C:\\Users\\sabato\\andela\\backend\\mybrand-api\\lib\\index.ts","statementMap":{"0":{"start":{"line":1,"column":0},"end":{"line":1,"column":42}},"1":{"start":{"line":2,"column":0},"end":{"line":2,"column":35}},"2":{"start":{"line":3,"column":0},"end":{"line":3,"column":32}},"3":{"start":{"line":4,"column":0},"end":{"line":4,"column":76}},"4":{"start":{"line":5,"column":0},"end":{"line":5,"column":43}},"5":{"start":{"line":6,"column":0},"end":{"line":6,"column":41}},"6":{"start":{"line":7,"column":0},"end":{"line":7,"column":42}},"7":{"start":{"line":9,"column":0},"end":{"line":9,"column":9}},"8":{"start":{"line":10,"column":0},"end":{"line":10,"column":12}},"9":{"start":{"line":12,"column":23},"end":{"line":14,"column":1}},"10":{"start":{"line":13,"column":2},"end":{"line":13,"column":69}},"11":{"start":{"line":16,"column":13},"end":{"line":16,"column":50}},"12":{"start":{"line":18,"column":0},"end":{"line":18,"column":29}},"13":{"start":{"line":20,"column":0},"end":{"line":20,"column":24}},"14":{"start":{"line":21,"column":0},"end":{"line":27,"column":2}},"15":{"start":{"line":29,"column":0},"end":{"line":29,"column":27}},"16":{"start":{"line":30,"column":0},"end":{"line":34,"column":2}},"17":{"start":{"line":35,"column":0},"end":{"line":35,"column":31}},"18":{"start":{"line":36,"column":0},"end":{"line":36,"column":28}},"19":{"start":{"line":38,"column":0},"end":{"line":38,"column":39}},"20":{"start":{"line":39,"column":0},"end":{"line":39,"column":33}},"21":{"start":{"line":40,"column":0},"end":{"line":40,"column":32}},"22":{"start":{"line":41,"column":0},"end":{"line":41,"column":39}},"23":{"start":{"line":42,"column":0},"end":{"line":42,"column":38}}},"fnMap":{"0":{"name":"(anonymous_0)","decl":{"start":{"line":12,"column":23},"end":{"line":12,"column":24}},"loc":{"start":{"line":12,"column":71},"end":{"line":14,"column":1}}}},"branchMap":{},"s":{"0":2,"1":2,"2":2,"3":2,"4":2,"5":2,"6":2,"7":2,"8":2,"9":2,"10":0,"11":2,"12":2,"13":2,"14":2,"15":2,"16":2,"17":2,"18":2,"19":2,"20":2,"21":2,"22":2,"23":2},"f":{"0":0},"b":{}}
,"C:\\Users\\sabato\\andela\\backend\\mybrand-api\\lib\\config\\cloudinary\\index.ts": {"path":"C:\\Users\\sabato\\andela\\backend\\mybrand-api\\lib\\config\\cloudinary\\index.ts","statementMap":{"0":{"start":{"line":1,"column":0},"end":{"line":1,"column":46}},"1":{"start":{"line":2,"column":0},"end":{"line":6,"column":3}},"2":{"start":{"line":8,"column":20},"end":{"line":25,"column":2}},"3":{"start":{"line":8,"column":65},"end":{"line":25,"column":2}},"4":{"start":{"line":9,"column":22},"end":{"line":9,"column":50}},"5":{"start":{"line":11,"column":2},"end":{"line":24,"column":5}},"6":{"start":{"line":12,"column":4},"end":{"line":23,"column":6}},"7":{"start":{"line":16,"column":8},"end":{"line":21,"column":9}},"8":{"start":{"line":17,"column":10},"end":{"line":17,"column":24}},"9":{"start":{"line":19,"column":22},"end":{"line":19,"column":39}},"10":{"start":{"line":20,"column":10},"end":{"line":20,"column":23}},"11":{"start":{"line":27,"column":0},"end":{"line":27,"column":27}}},"fnMap":{"0":{"name":"(anonymous_7)","decl":{"start":{"line":8,"column":20},"end":{"line":8,"column":27}},"loc":{"start":{"line":8,"column":65},"end":{"line":25,"column":2}}},"1":{"name":"(anonymous_8)","decl":{"start":{"line":8,"column":65},"end":{"line":8,"column":null}},"loc":{"start":{"line":8,"column":65},"end":{"line":25,"column":1}}},"2":{"name":"(anonymous_9)","decl":{"start":{"line":11,"column":21},"end":{"line":11,"column":22}},"loc":{"start":{"line":11,"column":41},"end":{"line":24,"column":3}}},"3":{"name":"(anonymous_10)","decl":{"start":{"line":15,"column":6},"end":{"line":15,"column":7}},"loc":{"start":{"line":15,"column":24},"end":{"line":22,"column":7}}}},"branchMap":{"0":{"loc":{"start":{"line":16,"column":8},"end":{"line":21,"column":9}},"type":"if","locations":[{"start":{"line":16,"column":8},"end":{"line":21,"column":9}},{"start":{"line":18,"column":15},"end":{"line":21,"column":9}}]}},"s":{"0":2,"1":2,"2":2,"3":0,"4":0,"5":0,"6":0,"7":0,"8":0,"9":0,"10":0,"11":2},"f":{"0":0,"1":0,"2":0,"3":0},"b":{"0":[0,0]}}
,"C:\\Users\\sabato\\andela\\backend\\mybrand-api\\lib\\config\\db\\index.ts": {"path":"C:\\Users\\sabato\\andela\\backend\\mybrand-api\\lib\\config\\db\\index.ts","statementMap":{"0":{"start":{"line":1,"column":0},"end":{"line":1,"column":32}},"1":{"start":{"line":2,"column":0},"end":{"line":2,"column":32}},"2":{"start":{"line":3,"column":0},"end":{"line":3,"column":9}},"3":{"start":{"line":4,"column":20},"end":{"line":4,"column":166}},"4":{"start":{"line":5,"column":18},"end":{"line":11,"column":2}},"5":{"start":{"line":5,"column":29},"end":{"line":11,"column":2}},"6":{"start":{"line":6,"column":2},"end":{"line":10,"column":3}},"7":{"start":{"line":7,"column":4},"end":{"line":7,"column":32}},"8":{"start":{"line":9,"column":4},"end":{"line":9,"column":25}},"9":{"start":{"line":13,"column":0},"end":{"line":13,"column":25}}},"fnMap":{"0":{"name":"(anonymous_7)","decl":{"start":{"line":5,"column":18},"end":{"line":5,"column":27}},"loc":{"start":{"line":5,"column":29},"end":{"line":11,"column":2}}},"1":{"name":"(anonymous_8)","decl":{"start":{"line":5,"column":29},"end":{"line":5,"column":null}},"loc":{"start":{"line":5,"column":29},"end":{"line":11,"column":1}}}},"branchMap":{},"s":{"0":2,"1":2,"2":2,"3":2,"4":2,"5":2,"6":2,"7":2,"8":0,"9":2},"f":{"0":2,"1":2},"b":{}}
,"C:\\Users\\sabato\\andela\\backend\\mybrand-api\\lib\\config\\multer\\index.ts": {"path":"C:\\Users\\sabato\\andela\\backend\\mybrand-api\\lib\\config\\multer\\index.ts","statementMap":{"0":{"start":{"line":1,"column":0},"end":{"line":1,"column":33}},"1":{"start":{"line":4,"column":19},"end":{"line":6,"column":1}},"2":{"start":{"line":5,"column":2},"end":{"line":5,"column":24}},"3":{"start":{"line":7,"column":15},"end":{"line":7,"column":49}},"4":{"start":{"line":8,"column":0},"end":{"line":8,"column":22}}},"fnMap":{"0":{"name":"(anonymous_0)","decl":{"start":{"line":4,"column":19},"end":{"line":4,"column":20}},"loc":{"start":{"line":4,"column":42},"end":{"line":6,"column":1}}}},"branchMap":{},"s":{"0":2,"1":2,"2":0,"3":2,"4":2},"f":{"0":0},"b":{}}
,"C:\\Users\\sabato\\andela\\backend\\mybrand-api\\lib\\config\\passport\\index.ts": {"path":"C:\\Users\\sabato\\andela\\backend\\mybrand-api\\lib\\config\\passport\\index.ts","statementMap":{"0":{"start":{"line":1,"column":0},"end":{"line":1,"column":37}},"1":{"start":{"line":2,"column":0},"end":{"line":2,"column":67}},"2":{"start":{"line":3,"column":0},"end":{"line":3,"column":39}},"3":{"start":{"line":5,"column":13},"end":{"line":5,"column":20}},"4":{"start":{"line":7,"column":19},"end":{"line":10,"column":2}},"5":{"start":{"line":12,"column":20},"end":{"line":24,"column":2}},"6":{"start":{"line":12,"column":72},"end":{"line":24,"column":2}},"7":{"start":{"line":13,"column":2},"end":{"line":23,"column":3}},"8":{"start":{"line":14,"column":17},"end":{"line":14,"column":48}},"9":{"start":{"line":16,"column":4},"end":{"line":18,"column":5}},"10":{"start":{"line":17,"column":6},"end":{"line":17,"column":31}},"11":{"start":{"line":20,"column":4},"end":{"line":20,"column":28}},"12":{"start":{"line":22,"column":4},"end":{"line":22,"column":23}},"13":{"start":{"line":26,"column":0},"end":{"line":26,"column":33}},"14":{"start":{"line":28,"column":0},"end":{"line":28,"column":24}}},"fnMap":{"0":{"name":"(anonymous_7)","decl":{"start":{"line":12,"column":48},"end":{"line":12,"column":55}},"loc":{"start":{"line":12,"column":72},"end":{"line":24,"column":2}}},"1":{"name":"(anonymous_8)","decl":{"start":{"line":12,"column":72},"end":{"line":12,"column":null}},"loc":{"start":{"line":12,"column":72},"end":{"line":24,"column":1}}}},"branchMap":{"0":{"loc":{"start":{"line":16,"column":4},"end":{"line":18,"column":5}},"type":"if","locations":[{"start":{"line":16,"column":4},"end":{"line":18,"column":5}}]}},"s":{"0":2,"1":2,"2":2,"3":2,"4":2,"5":2,"6":0,"7":0,"8":0,"9":0,"10":0,"11":0,"12":0,"13":2,"14":2},"f":{"0":0,"1":0},"b":{"0":[0]}}
,"C:\\Users\\sabato\\andela\\backend\\mybrand-api\\lib\\controllers\\blog.controller.ts": {"path":"C:\\Users\\sabato\\andela\\backend\\mybrand-api\\lib\\controllers\\blog.controller.ts","statementMap":{"0":{"start":{"line":2,"column":0},"end":{"line":2,"column":44}},"1":{"start":{"line":3,"column":0},"end":{"line":3,"column":58}},"2":{"start":{"line":4,"column":0},"end":{"line":4,"column":47}},"3":{"start":{"line":8,"column":13},"end":{"line":8,"column":22}},"4":{"start":{"line":9,"column":19},"end":{"line":38,"column":2}},"5":{"start":{"line":9,"column":53},"end":{"line":38,"column":2}},"6":{"start":{"line":10,"column":2},"end":{"line":37,"column":3}},"7":{"start":{"line":11,"column":26},"end":{"line":11,"column":60}},"8":{"start":{"line":13,"column":25},"end":{"line":17,"column":6}},"9":{"start":{"line":19,"column":18},"end":{"line":19,"column":50}},"10":{"start":{"line":21,"column":4},"end":{"line":34,"column":5}},"11":{"start":{"line":22,"column":19},"end":{"line":26,"column":8}},"12":{"start":{"line":27,"column":6},"end":{"line":27,"column":24}},"13":{"start":{"line":29,"column":6},"end":{"line":29,"column":68}},"14":{"start":{"line":31,"column":6},"end":{"line":33,"column":9}},"15":{"start":{"line":36,"column":4},"end":{"line":36,"column":70}},"16":{"start":{"line":123,"column":2},"end":{"line":123,"column":12}},"17":{"start":{"line":40,"column":17},"end":{"line":60,"column":2}},"18":{"start":{"line":40,"column":55},"end":{"line":60,"column":2}},"19":{"start":{"line":41,"column":2},"end":{"line":59,"column":3}},"20":{"start":{"line":42,"column":18},"end":{"line":42,"column":35}},"21":{"start":{"line":43,"column":25},"end":{"line":50,"column":null}},"22":{"start":{"line":44,"column":31},"end":{"line":50,"column":8}},"23":{"start":{"line":45,"column":26},"end":{"line":45,"column":71}},"24":{"start":{"line":46,"column":8},"end":{"line":48,"column":null}},"25":{"start":{"line":52,"column":4},"end":{"line":52,"column":39}},"26":{"start":{"line":54,"column":4},"end":{"line":54,"column":25}},"27":{"start":{"line":55,"column":4},"end":{"line":58,"column":7}},"28":{"start":{"line":122,"column":2},"end":{"line":122,"column":10}},"29":{"start":{"line":62,"column":19},"end":{"line":69,"column":2}},"30":{"start":{"line":62,"column":57},"end":{"line":69,"column":2}},"31":{"start":{"line":63,"column":2},"end":{"line":68,"column":3}},"32":{"start":{"line":64,"column":4},"end":{"line":64,"column":49}},"33":{"start":{"line":65,"column":4},"end":{"line":65,"column":27}},"34":{"start":{"line":67,"column":4},"end":{"line":67,"column":79}},"35":{"start":{"line":124,"column":2},"end":{"line":124,"column":12}},"36":{"start":{"line":71,"column":22},"end":{"line":78,"column":2}},"37":{"start":{"line":71,"column":60},"end":{"line":78,"column":2}},"38":{"start":{"line":72,"column":2},"end":{"line":77,"column":3}},"39":{"start":{"line":73,"column":17},"end":{"line":73,"column":59}},"40":{"start":{"line":74,"column":4},"end":{"line":74,"column":31}},"41":{"start":{"line":76,"column":4},"end":{"line":76,"column":59}},"42":{"start":{"line":125,"column":2},"end":{"line":125,"column":15}},"43":{"start":{"line":80,"column":19},"end":{"line":98,"column":2}},"44":{"start":{"line":80,"column":57},"end":{"line":98,"column":2}},"45":{"start":{"line":81,"column":2},"end":{"line":97,"column":3}},"46":{"start":{"line":82,"column":17},"end":{"line":82,"column":59}},"47":{"start":{"line":84,"column":4},"end":{"line":86,"column":5}},"48":{"start":{"line":85,"column":6},"end":{"line":85,"column":34}},"49":{"start":{"line":88,"column":4},"end":{"line":90,"column":5}},"50":{"start":{"line":89,"column":6},"end":{"line":89,"column":38}},"51":{"start":{"line":92,"column":4},"end":{"line":92,"column":22}},"52":{"start":{"line":93,"column":4},"end":{"line":93,"column":31}},"53":{"start":{"line":95,"column":4},"end":{"line":95,"column":20}},"54":{"start":{"line":96,"column":4},"end":{"line":96,"column":47}},"55":{"start":{"line":126,"column":2},"end":{"line":126,"column":12}},"56":{"start":{"line":100,"column":17},"end":{"line":119,"column":2}},"57":{"start":{"line":100,"column":55},"end":{"line":119,"column":2}},"58":{"start":{"line":101,"column":2},"end":{"line":118,"column":3}},"59":{"start":{"line":102,"column":17},"end":{"line":105,"column":6}},"60":{"start":{"line":106,"column":4},"end":{"line":113,"column":5}},"61":{"start":{"line":107,"column":6},"end":{"line":107,"column":68}},"62":{"start":{"line":108,"column":6},"end":{"line":108,"column":56}},"63":{"start":{"line":110,"column":22},"end":{"line":110,"column":71}},"64":{"start":{"line":111,"column":6},"end":{"line":111,"column":27}},"65":{"start":{"line":112,"column":6},"end":{"line":112,"column":54}},"66":{"start":{"line":115,"column":4},"end":{"line":117,"column":78}},"67":{"start":{"line":127,"column":2},"end":{"line":127,"column":10}}},"fnMap":{"0":{"name":"(anonymous_7)","decl":{"start":{"line":9,"column":19},"end":{"line":9,"column":26}},"loc":{"start":{"line":9,"column":53},"end":{"line":38,"column":2}}},"1":{"name":"(anonymous_8)","decl":{"start":{"line":9,"column":53},"end":{"line":9,"column":null}},"loc":{"start":{"line":9,"column":53},"end":{"line":38,"column":1}}},"2":{"name":"(anonymous_9)","decl":{"start":{"line":40,"column":17},"end":{"line":40,"column":24}},"loc":{"start":{"line":40,"column":55},"end":{"line":60,"column":2}}},"3":{"name":"(anonymous_10)","decl":{"start":{"line":40,"column":55},"end":{"line":40,"column":null}},"loc":{"start":{"line":40,"column":55},"end":{"line":60,"column":1}}},"4":{"name":"(anonymous_11)","decl":{"start":{"line":44,"column":16},"end":{"line":44,"column":23}},"loc":{"start":{"line":44,"column":31},"end":{"line":50,"column":8}}},"5":{"name":"(anonymous_12)","decl":{"start":{"line":44,"column":31},"end":{"line":44,"column":null}},"loc":{"start":{"line":44,"column":31},"end":{"line":50,"column":7}}},"6":{"name":"(anonymous_13)","decl":{"start":{"line":62,"column":19},"end":{"line":62,"column":26}},"loc":{"start":{"line":62,"column":57},"end":{"line":69,"column":2}}},"7":{"name":"(anonymous_14)","decl":{"start":{"line":62,"column":57},"end":{"line":62,"column":null}},"loc":{"start":{"line":62,"column":57},"end":{"line":69,"column":1}}},"8":{"name":"(anonymous_15)","decl":{"start":{"line":71,"column":22},"end":{"line":71,"column":29}},"loc":{"start":{"line":71,"column":60},"end":{"line":78,"column":2}}},"9":{"name":"(anonymous_16)","decl":{"start":{"line":71,"column":60},"end":{"line":71,"column":null}},"loc":{"start":{"line":71,"column":60},"end":{"line":78,"column":1}}},"10":{"name":"(anonymous_17)","decl":{"start":{"line":80,"column":19},"end":{"line":80,"column":26}},"loc":{"start":{"line":80,"column":57},"end":{"line":98,"column":2}}},"11":{"name":"(anonymous_18)","decl":{"start":{"line":80,"column":57},"end":{"line":80,"column":null}},"loc":{"start":{"line":80,"column":57},"end":{"line":98,"column":1}}},"12":{"name":"(anonymous_19)","decl":{"start":{"line":100,"column":17},"end":{"line":100,"column":24}},"loc":{"start":{"line":100,"column":55},"end":{"line":119,"column":2}}},"13":{"name":"(anonymous_20)","decl":{"start":{"line":100,"column":55},"end":{"line":100,"column":null}},"loc":{"start":{"line":100,"column":55},"end":{"line":119,"column":1}}}},"branchMap":{"0":{"loc":{"start":{"line":21,"column":4},"end":{"line":34,"column":5}},"type":"if","locations":[{"start":{"line":21,"column":4},"end":{"line":34,"column":5}},{"start":{"line":30,"column":11},"end":{"line":34,"column":5}}]},"1":{"loc":{"start":{"line":84,"column":4},"end":{"line":86,"column":5}},"type":"if","locations":[{"start":{"line":84,"column":4},"end":{"line":86,"column":5}}]},"2":{"loc":{"start":{"line":88,"column":4},"end":{"line":90,"column":5}},"type":"if","locations":[{"start":{"line":88,"column":4},"end":{"line":90,"column":5}}]},"3":{"loc":{"start":{"line":106,"column":4},"end":{"line":113,"column":5}},"type":"if","locations":[{"start":{"line":106,"column":4},"end":{"line":113,"column":5}},{"start":{"line":109,"column":11},"end":{"line":113,"column":5}}]}},"s":{"0":2,"1":2,"2":2,"3":2,"4":2,"5":0,"6":0,"7":0,"8":0,"9":0,"10":0,"11":0,"12":0,"13":0,"14":0,"15":0,"16":2,"17":2,"18":0,"19":0,"20":0,"21":0,"22":0,"23":0,"24":0,"25":0,"26":0,"27":0,"28":2,"29":2,"30":0,"31":0,"32":0,"33":0,"34":0,"35":2,"36":2,"37":1,"38":1,"39":1,"40":0,"41":1,"42":2,"43":2,"44":0,"45":0,"46":0,"47":0,"48":0,"49":0,"50":0,"51":0,"52":0,"53":0,"54":0,"55":2,"56":2,"57":0,"58":0,"59":0,"60":0,"61":0,"62":0,"63":0,"64":0,"65":0,"66":0,"67":2},"f":{"0":0,"1":0,"2":0,"3":0,"4":0,"5":0,"6":0,"7":0,"8":1,"9":1,"10":0,"11":0,"12":0,"13":0},"b":{"0":[0,0],"1":[0],"2":[0],"3":[0,0]}}
,"C:\\Users\\sabato\\andela\\backend\\mybrand-api\\lib\\controllers\\comment.controller.ts": {"path":"C:\\Users\\sabato\\andela\\backend\\mybrand-api\\lib\\controllers\\comment.controller.ts","statementMap":{"0":{"start":{"line":2,"column":0},"end":{"line":2,"column":40}},"1":{"start":{"line":3,"column":0},"end":{"line":3,"column":62}},"2":{"start":{"line":5,"column":16},"end":{"line":5,"column":27}},"3":{"start":{"line":6,"column":25},"end":{"line":12,"column":2}},"4":{"start":{"line":6,"column":63},"end":{"line":12,"column":2}},"5":{"start":{"line":7,"column":19},"end":{"line":10,"column":4}},"6":{"start":{"line":11,"column":2},"end":{"line":11,"column":21}},"7":{"start":{"line":63,"column":2},"end":{"line":63,"column":18}},"8":{"start":{"line":13,"column":28},"end":{"line":16,"column":2}},"9":{"start":{"line":13,"column":66},"end":{"line":16,"column":2}},"10":{"start":{"line":14,"column":19},"end":{"line":14,"column":39}},"11":{"start":{"line":15,"column":2},"end":{"line":15,"column":33}},"12":{"start":{"line":65,"column":2},"end":{"line":65,"column":21}},"13":{"start":{"line":18,"column":22},"end":{"line":25,"column":2}},"14":{"start":{"line":18,"column":60},"end":{"line":25,"column":2}},"15":{"start":{"line":19,"column":2},"end":{"line":24,"column":3}},"16":{"start":{"line":20,"column":4},"end":{"line":20,"column":52}},"17":{"start":{"line":21,"column":4},"end":{"line":21,"column":48}},"18":{"start":{"line":23,"column":4},"end":{"line":23,"column":76}},"19":{"start":{"line":64,"column":2},"end":{"line":64,"column":15}},"20":{"start":{"line":27,"column":22},"end":{"line":46,"column":2}},"21":{"start":{"line":27,"column":60},"end":{"line":46,"column":2}},"22":{"start":{"line":28,"column":2},"end":{"line":45,"column":3}},"23":{"start":{"line":29,"column":18},"end":{"line":29,"column":50}},"24":{"start":{"line":30,"column":4},"end":{"line":40,"column":5}},"25":{"start":{"line":31,"column":22},"end":{"line":35,"column":8}},"26":{"start":{"line":36,"column":6},"end":{"line":36,"column":27}},"27":{"start":{"line":37,"column":6},"end":{"line":37,"column":36}},"28":{"start":{"line":39,"column":6},"end":{"line":39,"column":78}},"29":{"start":{"line":42,"column":4},"end":{"line":44,"column":71}},"30":{"start":{"line":62,"column":2},"end":{"line":62,"column":15}},"31":{"start":{"line":48,"column":22},"end":{"line":59,"column":2}},"32":{"start":{"line":48,"column":60},"end":{"line":59,"column":2}},"33":{"start":{"line":49,"column":2},"end":{"line":58,"column":3}},"34":{"start":{"line":50,"column":20},"end":{"line":50,"column":65}},"35":{"start":{"line":51,"column":4},"end":{"line":53,"column":5}},"36":{"start":{"line":52,"column":6},"end":{"line":52,"column":39}},"37":{"start":{"line":54,"column":4},"end":{"line":54,"column":25}},"38":{"start":{"line":55,"column":4},"end":{"line":55,"column":34}},"39":{"start":{"line":57,"column":4},"end":{"line":57,"column":64}},"40":{"start":{"line":66,"column":2},"end":{"line":66,"column":15}}},"fnMap":{"0":{"name":"(anonymous_7)","decl":{"start":{"line":6,"column":25},"end":{"line":6,"column":32}},"loc":{"start":{"line":6,"column":63},"end":{"line":12,"column":2}}},"1":{"name":"(anonymous_8)","decl":{"start":{"line":6,"column":63},"end":{"line":6,"column":null}},"loc":{"start":{"line":6,"column":63},"end":{"line":12,"column":1}}},"2":{"name":"(anonymous_9)","decl":{"start":{"line":13,"column":28},"end":{"line":13,"column":35}},"loc":{"start":{"line":13,"column":66},"end":{"line":16,"column":2}}},"3":{"name":"(anonymous_10)","decl":{"start":{"line":13,"column":66},"end":{"line":13,"column":null}},"loc":{"start":{"line":13,"column":66},"end":{"line":16,"column":1}}},"4":{"name":"(anonymous_11)","decl":{"start":{"line":18,"column":22},"end":{"line":18,"column":29}},"loc":{"start":{"line":18,"column":60},"end":{"line":25,"column":2}}},"5":{"name":"(anonymous_12)","decl":{"start":{"line":18,"column":60},"end":{"line":18,"column":null}},"loc":{"start":{"line":18,"column":60},"end":{"line":25,"column":1}}},"6":{"name":"(anonymous_13)","decl":{"start":{"line":27,"column":22},"end":{"line":27,"column":29}},"loc":{"start":{"line":27,"column":60},"end":{"line":46,"column":2}}},"7":{"name":"(anonymous_14)","decl":{"start":{"line":27,"column":60},"end":{"line":27,"column":null}},"loc":{"start":{"line":27,"column":60},"end":{"line":46,"column":1}}},"8":{"name":"(anonymous_15)","decl":{"start":{"line":48,"column":22},"end":{"line":48,"column":29}},"loc":{"start":{"line":48,"column":60},"end":{"line":59,"column":2}}},"9":{"name":"(anonymous_16)","decl":{"start":{"line":48,"column":60},"end":{"line":48,"column":null}},"loc":{"start":{"line":48,"column":60},"end":{"line":59,"column":1}}}},"branchMap":{"0":{"loc":{"start":{"line":30,"column":4},"end":{"line":40,"column":5}},"type":"if","locations":[{"start":{"line":30,"column":4},"end":{"line":40,"column":5}},{"start":{"line":38,"column":11},"end":{"line":40,"column":5}}]},"1":{"loc":{"start":{"line":51,"column":4},"end":{"line":53,"column":5}},"type":"if","locations":[{"start":{"line":51,"column":4},"end":{"line":53,"column":5}}]}},"s":{"0":2,"1":2,"2":2,"3":2,"4":1,"5":1,"6":1,"7":2,"8":2,"9":0,"10":0,"11":0,"12":2,"13":2,"14":0,"15":0,"16":0,"17":0,"18":0,"19":2,"20":2,"21":0,"22":0,"23":0,"24":0,"25":0,"26":0,"27":0,"28":0,"29":0,"30":2,"31":2,"32":0,"33":0,"34":0,"35":0,"36":0,"37":0,"38":0,"39":0,"40":2},"f":{"0":1,"1":1,"2":0,"3":0,"4":0,"5":0,"6":0,"7":0,"8":0,"9":0},"b":{"0":[0,0],"1":[0]}}
,"C:\\Users\\sabato\\andela\\backend\\mybrand-api\\lib\\controllers\\index.ts": {"path":"C:\\Users\\sabato\\andela\\backend\\mybrand-api\\lib\\controllers\\index.ts","statementMap":{"0":{"start":{"line":1,"column":0},"end":{"line":1,"column":null}},"1":{"start":{"line":26,"column":14},"end":{"line":2,"column":null}},"2":{"start":{"line":27,"column":16},"end":{"line":3,"column":null}},"3":{"start":{"line":28,"column":16},"end":{"line":4,"column":null}},"4":{"start":{"line":29,"column":19},"end":{"line":5,"column":null}},"5":{"start":{"line":30,"column":16},"end":{"line":6,"column":null}},"6":{"start":{"line":42,"column":2},"end":{"line":7,"column":null}},"7":{"start":{"line":10,"column":0},"end":{"line":10,"column":null}},"8":{"start":{"line":31,"column":19},"end":{"line":11,"column":null}},"9":{"start":{"line":32,"column":22},"end":{"line":12,"column":null}},"10":{"start":{"line":33,"column":19},"end":{"line":13,"column":null}},"11":{"start":{"line":34,"column":25},"end":{"line":14,"column":null}},"12":{"start":{"line":35,"column":19},"end":{"line":15,"column":null}},"13":{"start":{"line":17,"column":0},"end":{"line":17,"column":null}},"14":{"start":{"line":38,"column":2},"end":{"line":18,"column":null}},"15":{"start":{"line":39,"column":2},"end":{"line":19,"column":null}},"16":{"start":{"line":40,"column":2},"end":{"line":20,"column":null}},"17":{"start":{"line":41,"column":2},"end":{"line":21,"column":null}},"18":{"start":{"line":23,"column":0},"end":{"line":23,"column":9}},"19":{"start":{"line":37,"column":2},"end":{"line":23,"column":20}},"20":{"start":{"line":36,"column":18},"end":{"line":23,"column":60}}},"fnMap":{"0":{"name":"(anonymous_0)","decl":{"start":{"line":26,"column":14},"end":{"line":26,"column":18}},"loc":{"start":{"line":26,"column":14},"end":{"line":2,"column":null}}},"1":{"name":"(anonymous_1)","decl":{"start":{"line":27,"column":16},"end":{"line":27,"column":27}},"loc":{"start":{"line":27,"column":16},"end":{"line":3,"column":null}}},"2":{"name":"(anonymous_2)","decl":{"start":{"line":28,"column":16},"end":{"line":28,"column":27}},"loc":{"start":{"line":28,"column":16},"end":{"line":4,"column":null}}},"3":{"name":"(anonymous_3)","decl":{"start":{"line":29,"column":19},"end":{"line":29,"column":27}},"loc":{"start":{"line":29,"column":19},"end":{"line":5,"column":null}}},"4":{"name":"(anonymous_4)","decl":{"start":{"line":30,"column":16},"end":{"line":30,"column":23}},"loc":{"start":{"line":30,"column":16},"end":{"line":6,"column":null}}},"5":{"name":"(anonymous_5)","decl":{"start":{"line":42,"column":2},"end":{"line":42,"column":10}},"loc":{"start":{"line":42,"column":2},"end":{"line":7,"column":null}}},"6":{"name":"(anonymous_6)","decl":{"start":{"line":31,"column":19},"end":{"line":31,"column":32}},"loc":{"start":{"line":31,"column":19},"end":{"line":11,"column":null}}},"7":{"name":"(anonymous_7)","decl":{"start":{"line":32,"column":22},"end":{"line":32,"column":38}},"loc":{"start":{"line":32,"column":22},"end":{"line":12,"column":null}}},"8":{"name":"(anonymous_8)","decl":{"start":{"line":33,"column":19},"end":{"line":33,"column":36}},"loc":{"start":{"line":33,"column":19},"end":{"line":13,"column":null}}},"9":{"name":"(anonymous_9)","decl":{"start":{"line":34,"column":25},"end":{"line":34,"column":40}},"loc":{"start":{"line":34,"column":25},"end":{"line":14,"column":null}}},"10":{"name":"(anonymous_10)","decl":{"start":{"line":35,"column":19},"end":{"line":35,"column":38}},"loc":{"start":{"line":35,"column":19},"end":{"line":15,"column":null}}},"11":{"name":"(anonymous_11)","decl":{"start":{"line":38,"column":2},"end":{"line":38,"column":15}},"loc":{"start":{"line":38,"column":2},"end":{"line":18,"column":null}}},"12":{"name":"(anonymous_12)","decl":{"start":{"line":39,"column":2},"end":{"line":39,"column":19}},"loc":{"start":{"line":39,"column":2},"end":{"line":19,"column":null}}},"13":{"name":"(anonymous_13)","decl":{"start":{"line":40,"column":2},"end":{"line":40,"column":13}},"loc":{"start":{"line":40,"column":2},"end":{"line":20,"column":null}}},"14":{"name":"(anonymous_14)","decl":{"start":{"line":41,"column":2},"end":{"line":41,"column":21}},"loc":{"start":{"line":41,"column":2},"end":{"line":21,"column":null}}},"15":{"name":"(anonymous_15)","decl":{"start":{"line":37,"column":2},"end":{"line":37,"column":11}},"loc":{"start":{"line":37,"column":2},"end":{"line":23,"column":20}}},"16":{"name":"(anonymous_16)","decl":{"start":{"line":36,"column":18},"end":{"line":36,"column":28}},"loc":{"start":{"line":36,"column":18},"end":{"line":23,"column":60}}}},"branchMap":{},"s":{"0":2,"1":4,"2":4,"3":4,"4":4,"5":4,"6":4,"7":2,"8":4,"9":4,"10":4,"11":4,"12":4,"13":2,"14":4,"15":4,"16":4,"17":4,"18":2,"19":4,"20":4},"f":{"0":2,"1":2,"2":2,"3":2,"4":2,"5":2,"6":2,"7":2,"8":2,"9":2,"10":2,"11":2,"12":2,"13":2,"14":2,"15":2,"16":2},"b":{}}
,"C:\\Users\\sabato\\andela\\backend\\mybrand-api\\lib\\controllers\\message.controller.ts": {"path":"C:\\Users\\sabato\\andela\\backend\\mybrand-api\\lib\\controllers\\message.controller.ts","statementMap":{"0":{"start":{"line":2,"column":0},"end":{"line":2,"column":39}},"1":{"start":{"line":3,"column":0},"end":{"line":3,"column":62}},"2":{"start":{"line":5,"column":33},"end":{"line":12,"column":2}},"3":{"start":{"line":5,"column":71},"end":{"line":12,"column":2}},"4":{"start":{"line":6,"column":19},"end":{"line":6,"column":42}},"5":{"start":{"line":7,"column":2},"end":{"line":11,"column":3}},"6":{"start":{"line":8,"column":4},"end":{"line":8,"column":35}},"7":{"start":{"line":10,"column":4},"end":{"line":10,"column":68}},"8":{"start":{"line":5,"column":13},"end":{"line":5,"column":33}},"9":{"start":{"line":14,"column":27},"end":{"line":28,"column":2}},"10":{"start":{"line":14,"column":65},"end":{"line":28,"column":2}},"11":{"start":{"line":15,"column":2},"end":{"line":27,"column":3}},"12":{"start":{"line":16,"column":18},"end":{"line":16,"column":50}},"13":{"start":{"line":17,"column":4},"end":{"line":23,"column":5}},"14":{"start":{"line":18,"column":22},"end":{"line":18,"column":46}},"15":{"start":{"line":19,"column":6},"end":{"line":19,"column":27}},"16":{"start":{"line":20,"column":6},"end":{"line":20,"column":36}},"17":{"start":{"line":22,"column":6},"end":{"line":22,"column":77}},"18":{"start":{"line":25,"column":4},"end":{"line":25,"column":78}},"19":{"start":{"line":26,"column":4},"end":{"line":26,"column":75}},"20":{"start":{"line":14,"column":13},"end":{"line":14,"column":27}},"21":{"start":{"line":30,"column":29},"end":{"line":36,"column":2}},"22":{"start":{"line":30,"column":67},"end":{"line":36,"column":2}},"23":{"start":{"line":31,"column":2},"end":{"line":35,"column":3}},"24":{"start":{"line":32,"column":4},"end":{"line":32,"column":55}},"25":{"start":{"line":34,"column":4},"end":{"line":34,"column":62}},"26":{"start":{"line":30,"column":13},"end":{"line":30,"column":29}},"27":{"start":{"line":38,"column":35},"end":{"line":47,"column":2}},"28":{"start":{"line":38,"column":73},"end":{"line":47,"column":2}},"29":{"start":{"line":39,"column":2},"end":{"line":46,"column":3}},"30":{"start":{"line":40,"column":20},"end":{"line":40,"column":68}},"31":{"start":{"line":41,"column":4},"end":{"line":41,"column":28}},"32":{"start":{"line":42,"column":4},"end":{"line":42,"column":25}},"33":{"start":{"line":43,"column":4},"end":{"line":43,"column":57}},"34":{"start":{"line":45,"column":4},"end":{"line":45,"column":71}},"35":{"start":{"line":38,"column":13},"end":{"line":38,"column":35}}},"fnMap":{"0":{"name":"(anonymous_7)","decl":{"start":{"line":5,"column":33},"end":{"line":5,"column":40}},"loc":{"start":{"line":5,"column":71},"end":{"line":12,"column":2}}},"1":{"name":"(anonymous_8)","decl":{"start":{"line":5,"column":71},"end":{"line":5,"column":null}},"loc":{"start":{"line":5,"column":71},"end":{"line":12,"column":1}}},"2":{"name":"(anonymous_9)","decl":{"start":{"line":14,"column":27},"end":{"line":14,"column":34}},"loc":{"start":{"line":14,"column":65},"end":{"line":28,"column":2}}},"3":{"name":"(anonymous_10)","decl":{"start":{"line":14,"column":65},"end":{"line":14,"column":null}},"loc":{"start":{"line":14,"column":65},"end":{"line":28,"column":1}}},"4":{"name":"(anonymous_11)","decl":{"start":{"line":30,"column":29},"end":{"line":30,"column":36}},"loc":{"start":{"line":30,"column":67},"end":{"line":36,"column":2}}},"5":{"name":"(anonymous_12)","decl":{"start":{"line":30,"column":67},"end":{"line":30,"column":null}},"loc":{"start":{"line":30,"column":67},"end":{"line":36,"column":1}}},"6":{"name":"(anonymous_13)","decl":{"start":{"line":38,"column":35},"end":{"line":38,"column":42}},"loc":{"start":{"line":38,"column":73},"end":{"line":47,"column":2}}},"7":{"name":"(anonymous_14)","decl":{"start":{"line":38,"column":73},"end":{"line":38,"column":null}},"loc":{"start":{"line":38,"column":73},"end":{"line":47,"column":1}}}},"branchMap":{"0":{"loc":{"start":{"line":7,"column":2},"end":{"line":11,"column":3}},"type":"if","locations":[{"start":{"line":7,"column":2},"end":{"line":11,"column":3}},{"start":{"line":9,"column":9},"end":{"line":11,"column":3}}]},"1":{"loc":{"start":{"line":17,"column":4},"end":{"line":23,"column":5}},"type":"if","locations":[{"start":{"line":17,"column":4},"end":{"line":23,"column":5}},{"start":{"line":21,"column":11},"end":{"line":23,"column":5}}]}},"s":{"0":2,"1":2,"2":2,"3":0,"4":0,"5":0,"6":0,"7":0,"8":2,"9":2,"10":0,"11":0,"12":0,"13":0,"14":0,"15":0,"16":0,"17":0,"18":0,"19":0,"20":2,"21":2,"22":0,"23":0,"24":0,"25":0,"26":2,"27":2,"28":0,"29":0,"30":0,"31":0,"32":0,"33":0,"34":0,"35":2},"f":{"0":0,"1":0,"2":0,"3":0,"4":0,"5":0,"6":0,"7":0},"b":{"0":[0,0],"1":[0,0]}}
,"C:\\Users\\sabato\\andela\\backend\\mybrand-api\\lib\\controllers\\user.controller.ts": {"path":"C:\\Users\\sabato\\andela\\backend\\mybrand-api\\lib\\controllers\\user.controller.ts","statementMap":{"0":{"start":{"line":2,"column":0},"end":{"line":2,"column":51}},"1":{"start":{"line":3,"column":0},"end":{"line":3,"column":36}},"2":{"start":{"line":4,"column":0},"end":{"line":4,"column":71}},"3":{"start":{"line":5,"column":0},"end":{"line":5,"column":33}},"4":{"start":{"line":7,"column":28},"end":{"line":33,"column":2}},"5":{"start":{"line":10,"column":4},"end":{"line":33,"column":2}},"6":{"start":{"line":11,"column":2},"end":{"line":32,"column":3}},"7":{"start":{"line":12,"column":18},"end":{"line":12,"column":44}},"8":{"start":{"line":13,"column":4},"end":{"line":29,"column":5}},"9":{"start":{"line":14,"column":6},"end":{"line":18,"column":7}},"10":{"start":{"line":15,"column":8},"end":{"line":17,"column":71}},"11":{"start":{"line":19,"column":19},"end":{"line":19,"column":67}},"12":{"start":{"line":20,"column":6},"end":{"line":26,"column":7}},"13":{"start":{"line":21,"column":8},"end":{"line":21,"column":69}},"14":{"start":{"line":23,"column":24},"end":{"line":23,"column":45}},"15":{"start":{"line":24,"column":8},"end":{"line":24,"column":29}},"16":{"start":{"line":25,"column":8},"end":{"line":25,"column":69}},"17":{"start":{"line":28,"column":6},"end":{"line":28,"column":69}},"18":{"start":{"line":31,"column":4},"end":{"line":31,"column":75}},"19":{"start":{"line":7,"column":13},"end":{"line":7,"column":28}},"20":{"start":{"line":35,"column":25},"end":{"line":77,"column":2}},"21":{"start":{"line":39,"column":4},"end":{"line":77,"column":2}},"22":{"start":{"line":40,"column":16},"end":{"line":40,"column":39}},"23":{"start":{"line":41,"column":2},"end":{"line":76,"column":3}},"24":{"start":{"line":42,"column":4},"end":{"line":73,"column":5}},"25":{"start":{"line":43,"column":19},"end":{"line":43,"column":67}},"26":{"start":{"line":45,"column":6},"end":{"line":47,"column":7}},"27":{"start":{"line":46,"column":8},"end":{"line":46,"column":74}},"28":{"start":{"line":48,"column":28},"end":{"line":50,"column":null}},"29":{"start":{"line":53,"column":6},"end":{"line":55,"column":7}},"30":{"start":{"line":54,"column":8},"end":{"line":54,"column":74}},"31":{"start":{"line":57,"column":22},"end":{"line":60,"column":8}},"32":{"start":{"line":62,"column":20},"end":{"line":64,"column":8}},"33":{"start":{"line":66,"column":6},"end":{"line":70,"column":9}},"34":{"start":{"line":72,"column":6},"end":{"line":72,"column":73}},"35":{"start":{"line":75,"column":4},"end":{"line":75,"column":74}},"36":{"start":{"line":35,"column":13},"end":{"line":35,"column":25}}},"fnMap":{"0":{"name":"(anonymous_7)","decl":{"start":{"line":7,"column":28},"end":{"line":7,"column":null}},"loc":{"start":{"line":10,"column":4},"end":{"line":33,"column":2}}},"1":{"name":"(anonymous_8)","decl":{"start":{"line":10,"column":4},"end":{"line":10,"column":null}},"loc":{"start":{"line":10,"column":4},"end":{"line":33,"column":1}}},"2":{"name":"(anonymous_9)","decl":{"start":{"line":35,"column":25},"end":{"line":35,"column":null}},"loc":{"start":{"line":39,"column":4},"end":{"line":77,"column":2}}},"3":{"name":"(anonymous_10)","decl":{"start":{"line":39,"column":4},"end":{"line":39,"column":null}},"loc":{"start":{"line":39,"column":4},"end":{"line":77,"column":1}}}},"branchMap":{"0":{"loc":{"start":{"line":13,"column":4},"end":{"line":29,"column":5}},"type":"if","locations":[{"start":{"line":13,"column":4},"end":{"line":29,"column":5}},{"start":{"line":27,"column":11},"end":{"line":29,"column":5}}]},"1":{"loc":{"start":{"line":14,"column":6},"end":{"line":18,"column":7}},"type":"if","locations":[{"start":{"line":14,"column":6},"end":{"line":18,"column":7}}]},"2":{"loc":{"start":{"line":14,"column":10},"end":{"line":14,"column":70}},"type":"binary-expr","locations":[{"start":{"line":14,"column":10},"end":{"line":14,"column":25}},{"start":{"line":14,"column":29},"end":{"line":14,"column":47}},{"start":{"line":14,"column":51},"end":{"line":14,"column":70}}]},"3":{"loc":{"start":{"line":20,"column":6},"end":{"line":26,"column":7}},"type":"if","locations":[{"start":{"line":20,"column":6},"end":{"line":26,"column":7}},{"start":{"line":22,"column":13},"end":{"line":26,"column":7}}]},"4":{"loc":{"start":{"line":41,"column":2},"end":{"line":76,"column":3}},"type":"if","locations":[{"start":{"line":41,"column":2},"end":{"line":76,"column":3}},{"start":{"line":74,"column":9},"end":{"line":76,"column":3}}]},"5":{"loc":{"start":{"line":45,"column":6},"end":{"line":47,"column":7}},"type":"if","locations":[{"start":{"line":45,"column":6},"end":{"line":47,"column":7}}]},"6":{"loc":{"start":{"line":53,"column":6},"end":{"line":55,"column":7}},"type":"if","locations":[{"start":{"line":53,"column":6},"end":{"line":55,"column":7}}]}},"s":{"0":2,"1":2,"2":2,"3":2,"4":2,"5":0,"6":0,"7":0,"8":0,"9":0,"10":0,"11":0,"12":0,"13":0,"14":0,"15":0,"16":0,"17":0,"18":0,"19":2,"20":2,"21":0,"22":0,"23":0,"24":0,"25":0,"26":0,"27":0,"28":0,"29":0,"30":0,"31":0,"32":0,"33":0,"34":0,"35":0,"36":2},"f":{"0":0,"1":0,"2":0,"3":0},"b":{"0":[0,0],"1":[0],"2":[0,0,0],"3":[0,0],"4":[0,0],"5":[0],"6":[0]}}
,"C:\\Users\\sabato\\andela\\backend\\mybrand-api\\lib\\middlewares\\admin.auth.ts": {"path":"C:\\Users\\sabato\\andela\\backend\\mybrand-api\\lib\\middlewares\\admin.auth.ts","statementMap":{"0":{"start":{"line":1,"column":0},"end":{"line":1,"column":44}},"1":{"start":{"line":4,"column":16},"end":{"line":23,"column":1}},"2":{"start":{"line":5,"column":2},"end":{"line":22,"column":21}},"3":{"start":{"line":6,"column":4},"end":{"line":8,"column":5}},"4":{"start":{"line":7,"column":6},"end":{"line":7,"column":58}},"5":{"start":{"line":10,"column":4},"end":{"line":14,"column":5}},"6":{"start":{"line":11,"column":6},"end":{"line":13,"column":73}},"7":{"start":{"line":16,"column":4},"end":{"line":18,"column":5}},"8":{"start":{"line":17,"column":6},"end":{"line":17,"column":79}},"9":{"start":{"line":20,"column":4},"end":{"line":20,"column":20}},"10":{"start":{"line":21,"column":4},"end":{"line":21,"column":18}},"11":{"start":{"line":25,"column":0},"end":{"line":25,"column":23}}},"fnMap":{"0":{"name":"(anonymous_0)","decl":{"start":{"line":4,"column":16},"end":{"line":4,"column":17}},"loc":{"start":{"line":4,"column":68},"end":{"line":23,"column":1}}},"1":{"name":"(anonymous_1)","decl":{"start":{"line":5,"column":51},"end":{"line":5,"column":52}},"loc":{"start":{"line":5,"column":65},"end":{"line":22,"column":3}}}},"branchMap":{"0":{"loc":{"start":{"line":6,"column":4},"end":{"line":8,"column":5}},"type":"if","locations":[{"start":{"line":6,"column":4},"end":{"line":8,"column":5}}]},"1":{"loc":{"start":{"line":10,"column":4},"end":{"line":14,"column":5}},"type":"if","locations":[{"start":{"line":10,"column":4},"end":{"line":14,"column":5}}]},"2":{"loc":{"start":{"line":16,"column":4},"end":{"line":18,"column":5}},"type":"if","locations":[{"start":{"line":16,"column":4},"end":{"line":18,"column":5}}]}},"s":{"0":2,"1":2,"2":0,"3":0,"4":0,"5":0,"6":0,"7":0,"8":0,"9":0,"10":0,"11":2},"f":{"0":0,"1":0},"b":{"0":[0],"1":[0],"2":[0]}}
,"C:\\Users\\sabato\\andela\\backend\\mybrand-api\\lib\\middlewares\\index.ts": {"path":"C:\\Users\\sabato\\andela\\backend\\mybrand-api\\lib\\middlewares\\index.ts","statementMap":{"0":{"start":{"line":1,"column":0},"end":{"line":1,"column":7}},"1":{"start":{"line":4,"column":23},"end":{"line":1,"column":35}},"2":{"start":{"line":2,"column":0},"end":{"line":2,"column":7}},"3":{"start":{"line":4,"column":9},"end":{"line":2,"column":39}}},"fnMap":{},"branchMap":{},"s":{"0":2,"1":2,"2":2,"3":2},"f":{},"b":{}}
,"C:\\Users\\sabato\\andela\\backend\\mybrand-api\\lib\\middlewares\\user.auth.ts": {"path":"C:\\Users\\sabato\\andela\\backend\\mybrand-api\\lib\\middlewares\\user.auth.ts","statementMap":{"0":{"start":{"line":1,"column":0},"end":{"line":1,"column":44}},"1":{"start":{"line":4,"column":21},"end":{"line":17,"column":1}},"2":{"start":{"line":5,"column":2},"end":{"line":16,"column":21}},"3":{"start":{"line":6,"column":4},"end":{"line":8,"column":5}},"4":{"start":{"line":7,"column":6},"end":{"line":7,"column":58}},"5":{"start":{"line":9,"column":4},"end":{"line":13,"column":5}},"6":{"start":{"line":10,"column":6},"end":{"line":12,"column":68}},"7":{"start":{"line":14,"column":4},"end":{"line":14,"column":20}},"8":{"start":{"line":15,"column":4},"end":{"line":15,"column":18}},"9":{"start":{"line":19,"column":0},"end":{"line":19,"column":28}}},"fnMap":{"0":{"name":"(anonymous_0)","decl":{"start":{"line":4,"column":21},"end":{"line":4,"column":22}},"loc":{"start":{"line":4,"column":73},"end":{"line":17,"column":1}}},"1":{"name":"(anonymous_1)","decl":{"start":{"line":5,"column":51},"end":{"line":5,"column":52}},"loc":{"start":{"line":5,"column":65},"end":{"line":16,"column":3}}}},"branchMap":{"0":{"loc":{"start":{"line":6,"column":4},"end":{"line":8,"column":5}},"type":"if","locations":[{"start":{"line":6,"column":4},"end":{"line":8,"column":5}}]},"1":{"loc":{"start":{"line":9,"column":4},"end":{"line":13,"column":5}},"type":"if","locations":[{"start":{"line":9,"column":4},"end":{"line":13,"column":5}}]}},"s":{"0":2,"1":2,"2":0,"3":0,"4":0,"5":0,"6":0,"7":0,"8":0,"9":2},"f":{"0":0,"1":0},"b":{"0":[0],"1":[0]}}
,"C:\\Users\\sabato\\andela\\backend\\mybrand-api\\lib\\models\\Blog.ts": {"path":"C:\\Users\\sabato\\andela\\backend\\mybrand-api\\lib\\models\\Blog.ts","statementMap":{"0":{"start":{"line":1,"column":0},"end":{"line":1,"column":32}},"1":{"start":{"line":3,"column":13},"end":{"line":9,"column":2}},"2":{"start":{"line":11,"column":0},"end":{"line":14,"column":3}},"3":{"start":{"line":12,"column":2},"end":{"line":12,"column":30}},"4":{"start":{"line":13,"column":2},"end":{"line":13,"column":9}},"5":{"start":{"line":16,"column":0},"end":{"line":16,"column":44}}},"fnMap":{"0":{"name":"(anonymous_0)","decl":{"start":{"line":11,"column":17},"end":{"line":11,"column":27}},"loc":{"start":{"line":11,"column":31},"end":{"line":14,"column":1}}}},"branchMap":{},"s":{"0":2,"1":2,"2":2,"3":0,"4":0,"5":2},"f":{"0":0},"b":{}}
,"C:\\Users\\sabato\\andela\\backend\\mybrand-api\\lib\\models\\Comment.ts": {"path":"C:\\Users\\sabato\\andela\\backend\\mybrand-api\\lib\\models\\Comment.ts","statementMap":{"0":{"start":{"line":1,"column":0},"end":{"line":1,"column":54}},"1":{"start":{"line":11,"column":22},"end":{"line":21,"column":2}},"2":{"start":{"line":23,"column":0},"end":{"line":23,"column":65}}},"fnMap":{},"branchMap":{},"s":{"0":2,"1":2,"2":2},"f":{},"b":{}}
,"C:\\Users\\sabato\\andela\\backend\\mybrand-api\\lib\\models\\Like.ts": {"path":"C:\\Users\\sabato\\andela\\backend\\mybrand-api\\lib\\models\\Like.ts","statementMap":{"0":{"start":{"line":1,"column":0},"end":{"line":1,"column":54}},"1":{"start":{"line":9,"column":19},"end":{"line":13,"column":2}},"2":{"start":{"line":15,"column":0},"end":{"line":15,"column":56}}},"fnMap":{},"branchMap":{},"s":{"0":2,"1":2,"2":2},"f":{},"b":{}}
,"C:\\Users\\sabato\\andela\\backend\\mybrand-api\\lib\\models\\Message.ts": {"path":"C:\\Users\\sabato\\andela\\backend\\mybrand-api\\lib\\models\\Message.ts","statementMap":{"0":{"start":{"line":1,"column":0},"end":{"line":1,"column":32}},"1":{"start":{"line":3,"column":16},"end":{"line":9,"column":2}},"2":{"start":{"line":11,"column":0},"end":{"line":11,"column":50}}},"fnMap":{},"branchMap":{},"s":{"0":2,"1":2,"2":2},"f":{},"b":{}}
,"C:\\Users\\sabato\\andela\\backend\\mybrand-api\\lib\\models\\User.ts": {"path":"C:\\Users\\sabato\\andela\\backend\\mybrand-api\\lib\\models\\User.ts","statementMap":{"0":{"start":{"line":1,"column":0},"end":{"line":1,"column":32}},"1":{"start":{"line":2,"column":0},"end":{"line":2,"column":33}},"2":{"start":{"line":9,"column":13},"end":{"line":36,"column":2}},"3":{"start":{"line":38,"column":0},"end":{"line":42,"column":3}},"4":{"start":{"line":39,"column":15},"end":{"line":39,"column":39}},"5":{"start":{"line":40,"column":2},"end":{"line":40,"column":57}},"6":{"start":{"line":41,"column":2},"end":{"line":41,"column":9}},"7":{"start":{"line":44,"column":0},"end":{"line":44,"column":51}}},"fnMap":{"0":{"name":"(anonymous_7)","decl":{"start":{"line":38,"column":24},"end":{"line":38,"column":40}},"loc":{"start":{"line":38,"column":44},"end":{"line":42,"column":2}}}},"branchMap":{},"s":{"0":2,"1":2,"2":2,"3":2,"4":0,"5":0,"6":0,"7":2},"f":{"0":0},"b":{}}
,"C:\\Users\\sabato\\andela\\backend\\mybrand-api\\lib\\models\\index.ts": {"path":"C:\\Users\\sabato\\andela\\backend\\mybrand-api\\lib\\models\\index.ts","statementMap":{"0":{"start":{"line":1,"column":0},"end":{"line":1,"column":7}},"1":{"start":{"line":8,"column":10},"end":{"line":1,"column":26}},"2":{"start":{"line":2,"column":0},"end":{"line":2,"column":7}},"3":{"start":{"line":9,"column":13},"end":{"line":2,"column":32}},"4":{"start":{"line":3,"column":0},"end":{"line":3,"column":7}},"5":{"start":{"line":13,"column":2},"end":{"line":3,"column":26}},"6":{"start":{"line":4,"column":0},"end":{"line":4,"column":7}},"7":{"start":{"line":10,"column":13},"end":{"line":4,"column":32}},"8":{"start":{"line":5,"column":0},"end":{"line":5,"column":7}},"9":{"start":{"line":11,"column":10},"end":{"line":5,"column":37}}},"fnMap":{},"branchMap":{},"s":{"0":2,"1":2,"2":2,"3":2,"4":2,"5":2,"6":2,"7":2,"8":2,"9":2},"f":{},"b":{}}
,"C:\\Users\\sabato\\andela\\backend\\mybrand-api\\lib\\routes\\blog.router.ts": {"path":"C:\\Users\\sabato\\andela\\backend\\mybrand-api\\lib\\routes\\blog.router.ts","statementMap":{"0":{"start":{"line":1,"column":0},"end":{"line":1,"column":35}},"1":{"start":{"line":3,"column":0},"end":{"line":3,"column":null}},"2":{"start":{"line":13,"column":0},"end":{"line":13,"column":55}},"3":{"start":{"line":14,"column":0},"end":{"line":14,"column":38}},"4":{"start":{"line":15,"column":18},"end":{"line":15,"column":34}},"5":{"start":{"line":16,"column":0},"end":{"line":19,"column":55}},"6":{"start":{"line":20,"column":0},"end":{"line":20,"column":71}},"7":{"start":{"line":21,"column":0},"end":{"line":21,"column":57}},"8":{"start":{"line":22,"column":0},"end":{"line":25,"column":37}},"9":{"start":{"line":26,"column":0},"end":{"line":26,"column":25}}},"fnMap":{},"branchMap":{},"s":{"0":2,"1":2,"2":2,"3":2,"4":2,"5":2,"6":2,"7":2,"8":2,"9":2},"f":{},"b":{}}
,"C:\\Users\\sabato\\andela\\backend\\mybrand-api\\lib\\routes\\comment.manage.router.ts": {"path":"C:\\Users\\sabato\\andela\\backend\\mybrand-api\\lib\\routes\\comment.manage.router.ts","statementMap":{"0":{"start":{"line":1,"column":0},"end":{"line":1,"column":35}},"1":{"start":{"line":3,"column":0},"end":{"line":3,"column":null}},"2":{"start":{"line":8,"column":0},"end":{"line":8,"column":41}},"3":{"start":{"line":9,"column":21},"end":{"line":9,"column":37}},"4":{"start":{"line":10,"column":0},"end":{"line":10,"column":45}},"5":{"start":{"line":11,"column":0},"end":{"line":14,"column":39}},"6":{"start":{"line":16,"column":0},"end":{"line":16,"column":28}}},"fnMap":{},"branchMap":{},"s":{"0":2,"1":2,"2":2,"3":2,"4":2,"5":2,"6":2},"f":{},"b":{}}
,"C:\\Users\\sabato\\andela\\backend\\mybrand-api\\lib\\routes\\index.ts": {"path":"C:\\Users\\sabato\\andela\\backend\\mybrand-api\\lib\\routes\\index.ts","statementMap":{"0":{"start":{"line":1,"column":0},"end":{"line":1,"column":7}},"1":{"start":{"line":7,"column":15},"end":{"line":1,"column":38}},"2":{"start":{"line":2,"column":0},"end":{"line":2,"column":7}},"3":{"start":{"line":10,"column":2},"end":{"line":2,"column":51}},"4":{"start":{"line":3,"column":0},"end":{"line":3,"column":7}},"5":{"start":{"line":9,"column":2},"end":{"line":3,"column":44}},"6":{"start":{"line":4,"column":0},"end":{"line":4,"column":7}},"7":{"start":{"line":8,"column":15},"end":{"line":4,"column":38}}},"fnMap":{},"branchMap":{},"s":{"0":2,"1":2,"2":2,"3":2,"4":2,"5":2,"6":2,"7":2},"f":{},"b":{}}
,"C:\\Users\\sabato\\andela\\backend\\mybrand-api\\lib\\routes\\message.router.ts": {"path":"C:\\Users\\sabato\\andela\\backend\\mybrand-api\\lib\\routes\\message.router.ts","statementMap":{"0":{"start":{"line":1,"column":0},"end":{"line":1,"column":41}},"1":{"start":{"line":2,"column":0},"end":{"line":2,"column":null}},"2":{"start":{"line":8,"column":0},"end":{"line":8,"column":35}},"3":{"start":{"line":10,"column":21},"end":{"line":10,"column":37}},"4":{"start":{"line":11,"column":0},"end":{"line":11,"column":74}},"5":{"start":{"line":12,"column":0},"end":{"line":15,"column":34}},"6":{"start":{"line":16,"column":0},"end":{"line":16,"column":28}}},"fnMap":{},"branchMap":{},"s":{"0":2,"1":2,"2":2,"3":2,"4":2,"5":2,"6":2},"f":{},"b":{}}
,"C:\\Users\\sabato\\andela\\backend\\mybrand-api\\lib\\routes\\user.router.ts": {"path":"C:\\Users\\sabato\\andela\\backend\\mybrand-api\\lib\\routes\\user.router.ts","statementMap":{"0":{"start":{"line":1,"column":0},"end":{"line":1,"column":55}},"1":{"start":{"line":2,"column":0},"end":{"line":2,"column":35}},"2":{"start":{"line":4,"column":18},"end":{"line":4,"column":34}},"3":{"start":{"line":5,"column":0},"end":{"line":5,"column":46}},"4":{"start":{"line":6,"column":0},"end":{"line":6,"column":42}},"5":{"start":{"line":7,"column":0},"end":{"line":7,"column":25}}},"fnMap":{},"branchMap":{},"s":{"0":2,"1":2,"2":2,"3":2,"4":2,"5":2},"f":{},"b":{}}
,"C:\\Users\\sabato\\andela\\backend\\mybrand-api\\lib\\utils\\validations\\blog.ts": {"path":"C:\\Users\\sabato\\andela\\backend\\mybrand-api\\lib\\utils\\validations\\blog.ts","statementMap":{"0":{"start":{"line":1,"column":0},"end":{"line":1,"column":27}},"1":{"start":{"line":2,"column":21},"end":{"line":14,"column":1}},"2":{"start":{"line":7,"column":21},"end":{"line":11,"column":4}},"3":{"start":{"line":13,"column":2},"end":{"line":13,"column":35}},"4":{"start":{"line":16,"column":0},"end":{"line":16,"column":28}}},"fnMap":{"0":{"name":"(anonymous_0)","decl":{"start":{"line":2,"column":21},"end":{"line":2,"column":22}},"loc":{"start":{"line":6,"column":5},"end":{"line":14,"column":1}}}},"branchMap":{},"s":{"0":2,"1":2,"2":0,"3":0,"4":2},"f":{"0":0},"b":{}}
,"C:\\Users\\sabato\\andela\\backend\\mybrand-api\\lib\\utils\\validations\\comment.ts": {"path":"C:\\Users\\sabato\\andela\\backend\\mybrand-api\\lib\\utils\\validations\\comment.ts","statementMap":{"0":{"start":{"line":1,"column":0},"end":{"line":1,"column":27}},"1":{"start":{"line":2,"column":24},"end":{"line":8,"column":1}},"2":{"start":{"line":3,"column":24},"end":{"line":5,"column":4}},"3":{"start":{"line":7,"column":2},"end":{"line":7,"column":41}},"4":{"start":{"line":10,"column":0},"end":{"line":10,"column":31}}},"fnMap":{"0":{"name":"(anonymous_0)","decl":{"start":{"line":2,"column":24},"end":{"line":2,"column":25}},"loc":{"start":{"line":2,"column":64},"end":{"line":8,"column":1}}}},"branchMap":{},"s":{"0":2,"1":2,"2":0,"3":0,"4":2},"f":{"0":0},"b":{}}
,"C:\\Users\\sabato\\andela\\backend\\mybrand-api\\lib\\utils\\validations\\index.ts": {"path":"C:\\Users\\sabato\\andela\\backend\\mybrand-api\\lib\\utils\\validations\\index.ts","statementMap":{"0":{"start":{"line":1,"column":0},"end":{"line":1,"column":9}},"1":{"start":{"line":7,"column":19},"end":{"line":1,"column":24}},"2":{"start":{"line":8,"column":26},"end":{"line":1,"column":61}},"3":{"start":{"line":2,"column":0},"end":{"line":2,"column":7}},"4":{"start":{"line":9,"column":18},"end":{"line":2,"column":34}},"5":{"start":{"line":3,"column":0},"end":{"line":3,"column":7}},"6":{"start":{"line":10,"column":21},"end":{"line":3,"column":40}},"7":{"start":{"line":4,"column":0},"end":{"line":4,"column":7}},"8":{"start":{"line":11,"column":26},"end":{"line":4,"column":45}}},"fnMap":{"0":{"name":"(anonymous_0)","decl":{"start":{"line":7,"column":19},"end":{"line":7,"column":32}},"loc":{"start":{"line":7,"column":19},"end":{"line":1,"column":24}}},"1":{"name":"(anonymous_1)","decl":{"start":{"line":8,"column":26},"end":{"line":8,"column":42}},"loc":{"start":{"line":8,"column":26},"end":{"line":1,"column":61}}}},"branchMap":{},"s":{"0":2,"1":2,"2":2,"3":2,"4":2,"5":2,"6":2,"7":2,"8":2},"f":{"0":0,"1":0},"b":{}}
,"C:\\Users\\sabato\\andela\\backend\\mybrand-api\\lib\\utils\\validations\\message.ts": {"path":"C:\\Users\\sabato\\andela\\backend\\mybrand-api\\lib\\utils\\validations\\message.ts","statementMap":{"0":{"start":{"line":1,"column":0},"end":{"line":1,"column":27}},"1":{"start":{"line":2,"column":29},"end":{"line":14,"column":1}},"2":{"start":{"line":7,"column":24},"end":{"line":11,"column":4}},"3":{"start":{"line":13,"column":2},"end":{"line":13,"column":41}},"4":{"start":{"line":16,"column":0},"end":{"line":16,"column":36}}},"fnMap":{"0":{"name":"(anonymous_0)","decl":{"start":{"line":2,"column":29},"end":{"line":2,"column":30}},"loc":{"start":{"line":6,"column":5},"end":{"line":14,"column":1}}}},"branchMap":{},"s":{"0":2,"1":2,"2":0,"3":0,"4":2},"f":{"0":0},"b":{}}
,"C:\\Users\\sabato\\andela\\backend\\mybrand-api\\lib\\utils\\validations\\user.ts": {"path":"C:\\Users\\sabato\\andela\\backend\\mybrand-api\\lib\\utils\\validations\\user.ts","statementMap":{"0":{"start":{"line":1,"column":0},"end":{"line":1,"column":27}},"1":{"start":{"line":3,"column":22},"end":{"line":10,"column":1}},"2":{"start":{"line":4,"column":22},"end":{"line":7,"column":4}},"3":{"start":{"line":9,"column":2},"end":{"line":9,"column":37}},"4":{"start":{"line":25,"column":9},"end":{"line":25,"column":22}},"5":{"start":{"line":12,"column":29},"end":{"line":24,"column":1}},"6":{"start":{"line":17,"column":25},"end":{"line":21,"column":4}},"7":{"start":{"line":23,"column":2},"end":{"line":23,"column":43}},"8":{"start":{"line":25,"column":24},"end":{"line":25,"column":44}}},"fnMap":{"0":{"name":"(anonymous_0)","decl":{"start":{"line":3,"column":22},"end":{"line":3,"column":23}},"loc":{"start":{"line":3,"column":69},"end":{"line":10,"column":1}}},"1":{"name":"(anonymous_1)","decl":{"start":{"line":12,"column":29},"end":{"line":12,"column":30}},"loc":{"start":{"line":16,"column":5},"end":{"line":24,"column":1}}}},"branchMap":{},"s":{"0":2,"1":2,"2":0,"3":0,"4":2,"5":2,"6":0,"7":0,"8":2},"f":{"0":0,"1":0},"b":{}}
}
