TN:
SF:lib\index.ts
FN:12,(anonymous_0)
FNF:1
FNH:0
FNDA:0,(anonymous_0)
DA:1,2
DA:2,2
DA:3,2
DA:4,2
DA:5,2
DA:6,2
DA:7,2
DA:9,2
DA:10,2
DA:12,2
DA:13,0
DA:16,2
DA:18,2
DA:20,2
DA:21,2
DA:29,2
DA:30,2
DA:35,2
DA:36,2
DA:38,2
DA:39,2
DA:40,2
DA:41,2
DA:42,2
LF:24
LH:23
BRF:0
BRH:0
end_of_record
TN:
SF:lib\config\cloudinary\index.ts
FN:8,(anonymous_7)
FN:8,(anonymous_8)
FN:11,(anonymous_9)
FN:15,(anonymous_10)
FNF:4
FNH:0
FNDA:0,(anonymous_7)
FNDA:0,(anonymous_8)
FNDA:0,(anonymous_9)
FNDA:0,(anonymous_10)
DA:1,2
DA:2,2
DA:8,2
DA:9,0
DA:11,0
DA:12,0
DA:16,0
DA:17,0
DA:19,0
DA:20,0
DA:27,2
LF:11
LH:4
BRDA:16,0,0,0
BRDA:16,0,1,0
BRF:2
BRH:0
end_of_record
TN:
SF:lib\config\db\index.ts
FN:5,(anonymous_7)
FN:5,(anonymous_8)
FNF:2
FNH:2
FNDA:2,(anonymous_7)
FNDA:2,(anonymous_8)
DA:1,2
DA:2,2
DA:3,2
DA:4,2
DA:5,2
DA:6,2
DA:7,2
DA:9,0
DA:13,2
LF:9
LH:8
BRF:0
BRH:0
end_of_record
TN:
SF:lib\config\multer\index.ts
FN:4,(anonymous_0)
FNF:1
FNH:0
FNDA:0,(anonymous_0)
DA:1,2
DA:4,2
DA:5,0
DA:7,2
DA:8,2
LF:5
LH:4
BRF:0
BRH:0
end_of_record
TN:
SF:lib\config\passport\index.ts
FN:12,(anonymous_7)
FN:12,(anonymous_8)
FNF:2
FNH:0
FNDA:0,(anonymous_7)
FNDA:0,(anonymous_8)
DA:1,2
DA:2,2
DA:3,2
DA:5,2
DA:7,2
DA:12,2
DA:13,0
DA:14,0
DA:16,0
DA:17,0
DA:20,0
DA:22,0
DA:26,2
DA:28,2
LF:14
LH:8
BRDA:16,0,0,0
BRF:1
BRH:0
end_of_record
TN:
SF:lib\controllers\blog.controller.ts
FN:9,(anonymous_7)
FN:9,(anonymous_8)
FN:40,(anonymous_9)
FN:40,(anonymous_10)
FN:44,(anonymous_11)
FN:44,(anonymous_12)
FN:62,(anonymous_13)
FN:62,(anonymous_14)
FN:71,(anonymous_15)
FN:71,(anonymous_16)
FN:80,(anonymous_17)
FN:80,(anonymous_18)
FN:100,(anonymous_19)
FN:100,(anonymous_20)
FNF:14
FNH:2
FNDA:0,(anonymous_7)
FNDA:0,(anonymous_8)
FNDA:0,(anonymous_9)
FNDA:0,(anonymous_10)
FNDA:0,(anonymous_11)
FNDA:0,(anonymous_12)
FNDA:0,(anonymous_13)
FNDA:0,(anonymous_14)
FNDA:1,(anonymous_15)
FNDA:1,(anonymous_16)
FNDA:0,(anonymous_17)
FNDA:0,(anonymous_18)
FNDA:0,(anonymous_19)
FNDA:0,(anonymous_20)
DA:2,2
DA:3,2
DA:4,2
DA:8,2
DA:9,2
DA:10,0
DA:11,0
DA:13,0
DA:19,0
DA:21,0
DA:22,0
DA:27,0
DA:29,0
DA:31,0
DA:36,0
DA:40,2
DA:41,0
DA:42,0
DA:43,0
DA:44,0
DA:45,0
DA:46,0
DA:52,0
DA:54,0
DA:55,0
DA:62,2
DA:63,0
DA:64,0
DA:65,0
DA:67,0
DA:71,2
DA:72,1
DA:73,1
DA:74,0
DA:76,1
DA:80,2
DA:81,0
DA:82,0
DA:84,0
DA:85,0
DA:88,0
DA:89,0
DA:92,0
DA:93,0
DA:95,0
DA:96,0
DA:100,2
DA:101,0
DA:102,0
DA:106,0
DA:107,0
DA:108,0
DA:110,0
DA:111,0
DA:112,0
DA:115,0
DA:122,2
DA:123,2
DA:124,2
DA:125,2
DA:126,2
DA:127,2
LF:62
LH:19
BRDA:21,0,0,0
BRDA:21,0,1,0
BRDA:84,1,0,0
BRDA:88,2,0,0
BRDA:106,3,0,0
BRDA:106,3,1,0
BRF:6
BRH:0
end_of_record
TN:
SF:lib\controllers\comment.controller.ts
FN:6,(anonymous_7)
FN:6,(anonymous_8)
FN:13,(anonymous_9)
FN:13,(anonymous_10)
FN:18,(anonymous_11)
FN:18,(anonymous_12)
FN:27,(anonymous_13)
FN:27,(anonymous_14)
FN:48,(anonymous_15)
FN:48,(anonymous_16)
FNF:10
FNH:2
FNDA:1,(anonymous_7)
FNDA:1,(anonymous_8)
FNDA:0,(anonymous_9)
FNDA:0,(anonymous_10)
FNDA:0,(anonymous_11)
FNDA:0,(anonymous_12)
FNDA:0,(anonymous_13)
FNDA:0,(anonymous_14)
FNDA:0,(anonymous_15)
FNDA:0,(anonymous_16)
DA:2,2
DA:3,2
DA:5,2
DA:6,2
DA:7,1
DA:11,1
DA:13,2
DA:14,0
DA:15,0
DA:18,2
DA:19,0
DA:20,0
DA:21,0
DA:23,0
DA:27,2
DA:28,0
DA:29,0
DA:30,0
DA:31,0
DA:36,0
DA:37,0
DA:39,0
DA:42,0
DA:48,2
DA:49,0
DA:50,0
DA:51,0
DA:52,0
DA:54,0
DA:55,0
DA:57,0
DA:62,2
DA:63,2
DA:64,2
DA:65,2
DA:66,2
LF:36
LH:15
BRDA:30,0,0,0
BRDA:30,0,1,0
BRDA:51,1,0,0
BRF:3
BRH:0
end_of_record
TN:
SF:lib\controllers\index.ts
FN:26,(anonymous_0)
FN:27,(anonymous_1)
FN:28,(anonymous_2)
FN:29,(anonymous_3)
FN:30,(anonymous_4)
FN:42,(anonymous_5)
FN:31,(anonymous_6)
FN:32,(anonymous_7)
FN:33,(anonymous_8)
FN:34,(anonymous_9)
FN:35,(anonymous_10)
FN:38,(anonymous_11)
FN:39,(anonymous_12)
FN:40,(anonymous_13)
FN:41,(anonymous_14)
FN:37,(anonymous_15)
FN:36,(anonymous_16)
FNF:17
FNH:17
FNDA:2,(anonymous_0)
FNDA:2,(anonymous_1)
FNDA:2,(anonymous_2)
FNDA:2,(anonymous_3)
FNDA:2,(anonymous_4)
FNDA:2,(anonymous_5)
FNDA:2,(anonymous_6)
FNDA:2,(anonymous_7)
FNDA:2,(anonymous_8)
FNDA:2,(anonymous_9)
FNDA:2,(anonymous_10)
FNDA:2,(anonymous_11)
FNDA:2,(anonymous_12)
FNDA:2,(anonymous_13)
FNDA:2,(anonymous_14)
FNDA:2,(anonymous_15)
FNDA:2,(anonymous_16)
DA:1,2
DA:10,2
DA:17,2
DA:23,2
DA:26,4
DA:27,4
DA:28,4
DA:29,4
DA:30,4
DA:31,4
DA:32,4
DA:33,4
DA:34,4
DA:35,4
DA:36,4
DA:37,4
DA:38,4
DA:39,4
DA:40,4
DA:41,4
DA:42,4
LF:21
LH:21
BRF:0
BRH:0
end_of_record
TN:
SF:lib\controllers\message.controller.ts
FN:5,(anonymous_7)
FN:5,(anonymous_8)
FN:14,(anonymous_9)
FN:14,(anonymous_10)
FN:30,(anonymous_11)
FN:30,(anonymous_12)
FN:38,(anonymous_13)
FN:38,(anonymous_14)
FNF:8
FNH:0
FNDA:0,(anonymous_7)
FNDA:0,(anonymous_8)
FNDA:0,(anonymous_9)
FNDA:0,(anonymous_10)
FNDA:0,(anonymous_11)
FNDA:0,(anonymous_12)
FNDA:0,(anonymous_13)
FNDA:0,(anonymous_14)
DA:2,2
DA:3,2
DA:5,2
DA:6,0
DA:7,0
DA:8,0
DA:10,0
DA:14,2
DA:15,0
DA:16,0
DA:17,0
DA:18,0
DA:19,0
DA:20,0
DA:22,0
DA:25,0
DA:26,0
DA:30,2
DA:31,0
DA:32,0
DA:34,0
DA:38,2
DA:39,0
DA:40,0
DA:41,0
DA:42,0
DA:43,0
DA:45,0
LF:28
LH:6
BRDA:7,0,0,0
BRDA:7,0,1,0
BRDA:17,1,0,0
BRDA:17,1,1,0
BRF:4
BRH:0
end_of_record
TN:
SF:lib\controllers\user.controller.ts
FN:7,(anonymous_7)
FN:10,(anonymous_8)
FN:35,(anonymous_9)
FN:39,(anonymous_10)
FNF:4
FNH:0
FNDA:0,(anonymous_7)
FNDA:0,(anonymous_8)
FNDA:0,(anonymous_9)
FNDA:0,(anonymous_10)
DA:2,2
DA:3,2
DA:4,2
DA:5,2
DA:7,2
DA:10,0
DA:11,0
DA:12,0
DA:13,0
DA:14,0
DA:15,0
DA:19,0
DA:20,0
DA:21,0
DA:23,0
DA:24,0
DA:25,0
DA:28,0
DA:31,0
DA:35,2
DA:39,0
DA:40,0
DA:41,0
DA:42,0
DA:43,0
DA:45,0
DA:46,0
DA:48,0
DA:53,0
DA:54,0
DA:57,0
DA:62,0
DA:66,0
DA:72,0
DA:75,0
LF:35
LH:6
BRDA:13,0,0,0
BRDA:13,0,1,0
BRDA:14,1,0,0
BRDA:14,2,0,0
BRDA:14,2,1,0
BRDA:14,2,2,0
BRDA:20,3,0,0
BRDA:20,3,1,0
BRDA:41,4,0,0
BRDA:41,4,1,0
BRDA:45,5,0,0
BRDA:53,6,0,0
BRF:12
BRH:0
end_of_record
TN:
SF:lib\middlewares\admin.auth.ts
FN:4,(anonymous_0)
FN:5,(anonymous_1)
FNF:2
FNH:0
FNDA:0,(anonymous_0)
FNDA:0,(anonymous_1)
DA:1,2
DA:4,2
DA:5,0
DA:6,0
DA:7,0
DA:10,0
DA:11,0
DA:16,0
DA:17,0
DA:20,0
DA:21,0
DA:25,2
LF:12
LH:3
BRDA:6,0,0,0
BRDA:10,1,0,0
BRDA:16,2,0,0
BRF:3
BRH:0
end_of_record
TN:
SF:lib\middlewares\index.ts
FNF:0
FNH:0
DA:1,2
DA:2,2
DA:4,2
LF:3
LH:3
BRF:0
BRH:0
end_of_record
TN:
SF:lib\middlewares\user.auth.ts
FN:4,(anonymous_0)
FN:5,(anonymous_1)
FNF:2
FNH:0
FNDA:0,(anonymous_0)
FNDA:0,(anonymous_1)
DA:1,2
DA:4,2
DA:5,0
DA:6,0
DA:7,0
DA:9,0
DA:10,0
DA:14,0
DA:15,0
DA:19,2
LF:10
LH:3
BRDA:6,0,0,0
BRDA:9,1,0,0
BRF:2
BRH:0
end_of_record
TN:
SF:lib\models\Blog.ts
FN:11,(anonymous_0)
FNF:1
FNH:0
FNDA:0,(anonymous_0)
DA:1,2
DA:3,2
DA:11,2
DA:12,0
DA:13,0
DA:16,2
LF:6
LH:4
BRF:0
BRH:0
end_of_record
TN:
SF:lib\models\Comment.ts
FNF:0
FNH:0
DA:1,2
DA:11,2
DA:23,2
LF:3
LH:3
BRF:0
BRH:0
end_of_record
TN:
SF:lib\models\Like.ts
FNF:0
FNH:0
DA:1,2
DA:9,2
DA:15,2
LF:3
LH:3
BRF:0
BRH:0
end_of_record
TN:
SF:lib\models\Message.ts
FNF:0
FNH:0
DA:1,2
DA:3,2
DA:11,2
LF:3
LH:3
BRF:0
BRH:0
end_of_record
TN:
SF:lib\models\User.ts
FN:38,(anonymous_7)
FNF:1
FNH:0
FNDA:0,(anonymous_7)
DA:1,2
DA:2,2
DA:9,2
DA:38,2
DA:39,0
DA:40,0
DA:41,0
DA:44,2
LF:8
LH:5
BRF:0
BRH:0
end_of_record
TN:
SF:lib\models\index.ts
FNF:0
FNH:0
DA:1,2
DA:2,2
DA:3,2
DA:4,2
DA:5,2
DA:8,2
DA:9,2
DA:10,2
DA:11,2
DA:13,2
LF:10
LH:10
BRF:0
BRH:0
end_of_record
TN:
SF:lib\routes\blog.router.ts
FNF:0
FNH:0
DA:1,2
DA:3,2
DA:13,2
DA:14,2
DA:15,2
DA:16,2
DA:20,2
DA:21,2
DA:22,2
DA:26,2
LF:10
LH:10
BRF:0
BRH:0
end_of_record
TN:
SF:lib\routes\comment.manage.router.ts
FNF:0
FNH:0
DA:1,2
DA:3,2
DA:8,2
DA:9,2
DA:10,2
DA:11,2
DA:16,2
LF:7
LH:7
BRF:0
BRH:0
end_of_record
TN:
SF:lib\routes\index.ts
FNF:0
FNH:0
DA:1,2
DA:2,2
DA:3,2
DA:4,2
DA:7,2
DA:8,2
DA:9,2
DA:10,2
LF:8
LH:8
BRF:0
BRH:0
end_of_record
TN:
SF:lib\routes\message.router.ts
FNF:0
FNH:0
DA:1,2
DA:2,2
DA:8,2
DA:10,2
DA:11,2
DA:12,2
DA:16,2
LF:7
LH:7
BRF:0
BRH:0
end_of_record
TN:
SF:lib\routes\user.router.ts
FNF:0
FNH:0
DA:1,2
DA:2,2
DA:4,2
DA:5,2
DA:6,2
DA:7,2
LF:6
LH:6
BRF:0
BRH:0
end_of_record
TN:
SF:lib\utils\validations\blog.ts
FN:2,(anonymous_0)
FNF:1
FNH:0
FNDA:0,(anonymous_0)
DA:1,2
DA:2,2
DA:7,0
DA:13,0
DA:16,2
LF:5
LH:3
BRF:0
BRH:0
end_of_record
TN:
SF:lib\utils\validations\comment.ts
FN:2,(anonymous_0)
FNF:1
FNH:0
FNDA:0,(anonymous_0)
DA:1,2
DA:2,2
DA:3,0
DA:7,0
DA:10,2
LF:5
LH:3
BRF:0
BRH:0
end_of_record
TN:
SF:lib\utils\validations\index.ts
FN:7,(anonymous_0)
FN:8,(anonymous_1)
FNF:2
FNH:0
FNDA:0,(anonymous_0)
FNDA:0,(anonymous_1)
DA:1,2
DA:2,2
DA:3,2
DA:4,2
DA:7,2
DA:8,2
DA:9,2
DA:10,2
DA:11,2
LF:9
LH:9
BRF:0
BRH:0
end_of_record
TN:
SF:lib\utils\validations\message.ts
FN:2,(anonymous_0)
FNF:1
FNH:0
FNDA:0,(anonymous_0)
DA:1,2
DA:2,2
DA:7,0
DA:13,0
DA:16,2
LF:5
LH:3
BRF:0
BRH:0
end_of_record
TN:
SF:lib\utils\validations\user.ts
FN:3,(anonymous_0)
FN:12,(anonymous_1)
FNF:2
FNH:0
FNDA:0,(anonymous_0)
FNDA:0,(anonymous_1)
DA:1,2
DA:3,2
DA:4,0
DA:9,0
DA:12,2
DA:17,0
DA:23,0
DA:25,2
LF:8
LH:4
BRF:0
BRH:0
end_of_record
